<?xml version="1.0" encoding="UTF-8"?>
<!-- Generated by org.testng.reporters.JUnitXMLReporter -->
<testsuite hostname="NODE253" ignored="0" name="FREE CRM App Test Cases" tests="6" failures="0" timestamp="18 Jan 2018 18:49:35 GMT" time="215.029" errors="0">
  <testcase name="verifyContactsPageLabelTest" time="0.065" classname="com.crm.qa.testcases.ContactsPageTest"/>
  <testcase name="verifyContactsCheckBoxTest" time="0.124" classname="com.crm.qa.testcases.ContactsPageTest"/>
  <testcase name="validateCreateNewContactTest" time="5.525" classname="com.crm.qa.testcases.ContactsPageTest"/>
  <testcase name="validateCreateNewContactTest" time="5.442" classname="com.crm.qa.testcases.ContactsPageTest"/>
  <testcase name="validateCreateNewContactTest" time="5.849" classname="com.crm.qa.testcases.ContactsPageTest"/>
  <testcase name="validateCreateNewContactTest" time="4.778" classname="com.crm.qa.testcases.ContactsPageTest"/>
</testsuite> <!-- FREE CRM App Test Cases -->
