<?xml version="1.0" encoding="UTF-8"?>
<!-- Generated by org.testng.reporters.JUnitXMLReporter -->
<testsuite hostname="NODE253" ignored="0" name="Command line test" tests="4" failures="0" timestamp="24 Jan 2018 03:20:50 GMT" time="90.076" errors="0">
  <testcase name="verifyContactsPageLabelTest" time="0.043" classname="com.crm.qa.testcases.ContactsPageTest"/>
  <testcase name="verifyHomePageTitleTest" time="0.02" classname="com.crm.qa.testcases.HomePageTest"/>
  <testcase name="loginPageTitleTest" time="0.01" classname="com.crm.qa.testcases.LoginPageTest"/>
  <testcase name="verifyContactsCheckBoxTest" time="0.118" classname="com.crm.qa.testcases.ContactsPageTest"/>
</testsuite> <!-- Command line test -->
