<?xml version="1.0" encoding="UTF-8"?>
<testng-results skipped="0" failed="0" ignored="0" total="4" passed="4">
  <reporter-output>
  </reporter-output>
  <suite name="Command line suite" duration-ms="90076" started-at="2018-01-24T03:19:19Z" finished-at="2018-01-24T03:20:50Z">
    <groups>
    </groups>
    <test name="Command line test" duration-ms="90076" started-at="2018-01-24T03:19:19Z" finished-at="2018-01-24T03:20:50Z">
      <class name="com.crm.qa.testcases.HomePageTest">
        <test-method status="PASS" signature="setUp()[pri:0, instance:com.crm.qa.testcases.HomePageTest@6574b225]" name="setUp" is-config="true" duration-ms="21854" started-at="2018-01-24T08:49:46Z" finished-at="2018-01-24T08:50:08Z">
          <reporter-output>
          </reporter-output>
        </test-method> <!-- setUp -->
        <test-method status="PASS" signature="verifyHomePageTitleTest()[pri:1, instance:com.crm.qa.testcases.HomePageTest@6574b225]" name="verifyHomePageTitleTest" duration-ms="20" started-at="2018-01-24T08:50:08Z" finished-at="2018-01-24T08:50:08Z">
          <reporter-output>
          </reporter-output>
        </test-method> <!-- verifyHomePageTitleTest -->
        <test-method status="PASS" signature="tearDown()[pri:0, instance:com.crm.qa.testcases.HomePageTest@6574b225]" name="tearDown" is-config="true" duration-ms="645" started-at="2018-01-24T08:50:08Z" finished-at="2018-01-24T08:50:09Z">
          <reporter-output>
          </reporter-output>
        </test-method> <!-- tearDown -->
      </class> <!-- com.crm.qa.testcases.HomePageTest -->
      <class name="com.crm.qa.testcases.ContactsPageTest">
        <test-method status="PASS" signature="setUp()[pri:0, instance:com.crm.qa.testcases.ContactsPageTest@5056dfcb]" name="setUp" is-config="true" duration-ms="25937" started-at="2018-01-24T08:49:19Z" finished-at="2018-01-24T08:49:45Z">
          <reporter-output>
          </reporter-output>
        </test-method> <!-- setUp -->
        <test-method status="PASS" signature="verifyContactsPageLabelTest()[pri:1, instance:com.crm.qa.testcases.ContactsPageTest@5056dfcb]" name="verifyContactsPageLabelTest" duration-ms="43" started-at="2018-01-24T08:49:45Z" finished-at="2018-01-24T08:49:45Z">
          <reporter-output>
          </reporter-output>
        </test-method> <!-- verifyContactsPageLabelTest -->
        <test-method status="PASS" signature="tearDown()[pri:0, instance:com.crm.qa.testcases.ContactsPageTest@5056dfcb]" name="tearDown" is-config="true" duration-ms="661" started-at="2018-01-24T08:49:45Z" finished-at="2018-01-24T08:49:46Z">
          <reporter-output>
          </reporter-output>
        </test-method> <!-- tearDown -->
        <test-method status="PASS" signature="setUp()[pri:0, instance:com.crm.qa.testcases.ContactsPageTest@5056dfcb]" name="setUp" is-config="true" duration-ms="26262" started-at="2018-01-24T08:50:22Z" finished-at="2018-01-24T08:50:49Z">
          <reporter-output>
          </reporter-output>
        </test-method> <!-- setUp -->
        <test-method status="PASS" signature="verifyContactsCheckBoxTest()[pri:2, instance:com.crm.qa.testcases.ContactsPageTest@5056dfcb]" name="verifyContactsCheckBoxTest" duration-ms="118" started-at="2018-01-24T08:50:49Z" finished-at="2018-01-24T08:50:49Z">
          <reporter-output>
          </reporter-output>
        </test-method> <!-- verifyContactsCheckBoxTest -->
        <test-method status="PASS" signature="tearDown()[pri:0, instance:com.crm.qa.testcases.ContactsPageTest@5056dfcb]" name="tearDown" is-config="true" duration-ms="647" started-at="2018-01-24T08:50:49Z" finished-at="2018-01-24T08:50:50Z">
          <reporter-output>
          </reporter-output>
        </test-method> <!-- tearDown -->
      </class> <!-- com.crm.qa.testcases.ContactsPageTest -->
      <class name="com.crm.qa.testcases.LoginPageTest">
        <test-method status="PASS" signature="setUp()[pri:0, instance:com.crm.qa.testcases.LoginPageTest@2669b199]" name="setUp" is-config="true" duration-ms="13157" started-at="2018-01-24T08:50:09Z" finished-at="2018-01-24T08:50:22Z">
          <reporter-output>
          </reporter-output>
        </test-method> <!-- setUp -->
        <test-method status="PASS" signature="loginPageTitleTest()[pri:1, instance:com.crm.qa.testcases.LoginPageTest@2669b199]" name="loginPageTitleTest" duration-ms="10" started-at="2018-01-24T08:50:22Z" finished-at="2018-01-24T08:50:22Z">
          <reporter-output>
          </reporter-output>
        </test-method> <!-- loginPageTitleTest -->
        <test-method status="PASS" signature="tearDown()[pri:0, instance:com.crm.qa.testcases.LoginPageTest@2669b199]" name="tearDown" is-config="true" duration-ms="681" started-at="2018-01-24T08:50:22Z" finished-at="2018-01-24T08:50:22Z">
          <reporter-output>
          </reporter-output>
        </test-method> <!-- tearDown -->
      </class> <!-- com.crm.qa.testcases.LoginPageTest -->
    </test> <!-- Command line test -->
  </suite> <!-- Command line suite -->
</testng-results>
