<?xml version="1.0" encoding="UTF-8"?>
<testng-results skipped="0" failed="0" ignored="3" total="4" passed="1">
  <reporter-output>
  </reporter-output>
  <suite name="Default suite" duration-ms="30704" started-at="2018-01-24T03:17:31Z" finished-at="2018-01-24T03:18:02Z">
    <groups>
    </groups>
    <test name="Default test" duration-ms="30704" started-at="2018-01-24T03:17:31Z" finished-at="2018-01-24T03:18:02Z">
      <class name="com.crm.qa.testcases.HomePageTest">
        <test-method status="PASS" signature="setUp()[pri:0, instance:com.crm.qa.testcases.HomePageTest@4a87761d]" name="setUp" is-config="true" duration-ms="27488" started-at="2018-01-24T08:47:31Z" finished-at="2018-01-24T08:47:59Z">
          <reporter-output>
          </reporter-output>
        </test-method> <!-- setUp -->
        <test-method status="PASS" signature="clickOnDealsLinkTest()[pri:4, instance:com.crm.qa.testcases.HomePageTest@4a87761d]" name="clickOnDealsLinkTest" duration-ms="2459" started-at="2018-01-24T08:47:59Z" finished-at="2018-01-24T08:48:01Z">
          <reporter-output>
          </reporter-output>
        </test-method> <!-- clickOnDealsLinkTest -->
        <test-method status="PASS" signature="tearDown()[pri:0, instance:com.crm.qa.testcases.HomePageTest@4a87761d]" name="tearDown" is-config="true" duration-ms="726" started-at="2018-01-24T08:48:01Z" finished-at="2018-01-24T08:48:02Z">
          <reporter-output>
          </reporter-output>
        </test-method> <!-- tearDown -->
      </class> <!-- com.crm.qa.testcases.HomePageTest -->
    </test> <!-- Default test -->
  </suite> <!-- Default suite -->
</testng-results>
